[hadoop@ip-172-31-84-203 ~]$ hive -f ./hiveq.hql

Logging initialized using configuration in file:/etc/hive/conf.dist/hive-log4j2.properties Async: true
OK
Time taken: 17.211 seconds
Loading data to table default.delayed_flights
OK
Time taken: 6.411 seconds
OK
NULL    NULL    NULL    NULL    NULL    NULL    NULL    NULL    NULL    UniqueCarrier   NULL    TailNum NULL    NULL    NULL    NULL    NULL    Origin  Dest    NULL    NULL    NULL    NULL     CancellationCode        NULL    NULL    NULL    NULL    NULL    NULL
1       2003    6       17      2       1310    1255    1612    1615    AA      1362    N4YPAA  122     140     93      -3      15      ORD     JFK     740     6       23      0       N0       NULL    NULL    NULL    NULL    NULL
2       2003    6       20      5       1303    1255    1623    1615    AA      1362    N4XBAA  140     140     100     8       8       ORD     JFK     740     11      29      0       N0       NULL    NULL    NULL    NULL    NULL
3       2003    6       22      7       1325    1255    1953    1615    AA      1362    N569AA  328     140     113     218     30      ORD     JFK     740     9       206     0       N0       0       0       218     0       0
4       2003    6       23      1       1328    1255    1655    1615    AA      1362    N4YUAA  147     140     107     40      33      ORD     JFK     740     8       32      0       N0       0       0       40      0       0
5       2003    6       25      3       1307    1255    1620    1615    AA      1362    N519AA  133     140     101     5       12      ORD     JFK     740     12      20      0       N0       NULL    NULL    NULL    NULL    NULL
6       2003    6       5       4       1208    1155    1459    1455    AA      1363    N4YTAA  231     240     213     4       13      BOS     DFW     1562    7       11      0       N0       NULL    NULL    NULL    NULL    NULL
7       2003    6       7       6       1207    1155    1451    1455    AA      1363    N593AA  224     240     203     -4      12      BOS     DFW     1562    4       17      0       N0       NULL    NULL    NULL    NULL    NULL
8       2003    6       8       7       1206    1155    1445    1455    AA      1363    N4WAAA  219     240     204     -10     11      BOS     DFW     1562    5       10      0       N0       NULL    NULL    NULL    NULL    NULL
9       2003    6       15      7       1202    1155    1504    1455    AA      1363    N589AA  242     240     216     9       7       BOS     DFW     1562    8       18      0       N0       NULL    NULL    NULL    NULL    NULL
Time taken: 2.115 seconds, Fetched: 10 row(s)
OK
iteration 1
Time taken: 0.126 seconds, Fetched: 1 row(s)
Query ID = hadoop_20230305090704_bfd50372-2e1a-48f8-88b0-0e312e98c43c
Total jobs = 1
Launching Job 1 out of 1
Status: Running (Executing on YARN cluster with App id application_1678006675550_0001)

----------------------------------------------------------------------------------------------
        VERTICES      MODE        STATUS  TOTAL  COMPLETED  RUNNING  PENDING  FAILED  KILLED
----------------------------------------------------------------------------------------------
Map 1 .......... container     SUCCEEDED      1          1        0        0       0       0
Reducer 2 ...... container     SUCCEEDED      2          2        0        0       0       0
Reducer 3 ...... container     SUCCEEDED      1          1        0        0       0       0
----------------------------------------------------------------------------------------------
VERTICES: 03/03  [==========================>>] 100%  ELAPSED TIME: 17.74 s
----------------------------------------------------------------------------------------------
OK
2003    24.557549755575373
2004    43.64459443230066
2005    28.01977637202288
2006    30.453296261292596
2007    19.850007017971283
2008    28.88346981456985
2009    28.33058554239575
2010    21.89310246015957
Time taken: 20.917 seconds, Fetched: 8 row(s)
Query ID = hadoop_20230305090725_cd91b276-9c01-4889-87f8-a5d098af40ea
Total jobs = 1
Launching Job 1 out of 1
Status: Running (Executing on YARN cluster with App id application_1678006675550_0001)

----------------------------------------------------------------------------------------------
        VERTICES      MODE        STATUS  TOTAL  COMPLETED  RUNNING  PENDING  FAILED  KILLED
----------------------------------------------------------------------------------------------
Map 1 .......... container     SUCCEEDED      1          1        0        0       0       0
Reducer 2 ...... container     SUCCEEDED      2          2        0        0       0       0
Reducer 3 ...... container     SUCCEEDED      1          1        0        0       0       0
----------------------------------------------------------------------------------------------
VERTICES: 03/03  [==========================>>] 100%  ELAPSED TIME: 1.70 s
----------------------------------------------------------------------------------------------
OK
2003    29.686276314267346
2004    18.24570061769958
2005    16.63868805373129
2006    18.119312329937703
2007    30.625925917941924
2008    30.16552562594132
2009    37.63093330628511
2010    33.87351363404217
Time taken: 3.057 seconds, Fetched: 8 row(s)
Query ID = hadoop_20230305090729_21d311dd-5acf-4e17-8090-199e41dabc1e
Total jobs = 1
Launching Job 1 out of 1
Status: Running (Executing on YARN cluster with App id application_1678006675550_0001)

----------------------------------------------------------------------------------------------
        VERTICES      MODE        STATUS  TOTAL  COMPLETED  RUNNING  PENDING  FAILED  KILLED
----------------------------------------------------------------------------------------------
Map 1 .......... container     SUCCEEDED      1          1        0        0       0       0
Reducer 2 ...... container     SUCCEEDED      2          2        0        0       0       0
Reducer 3 ...... container     SUCCEEDED      1          1        0        0       0       0
----------------------------------------------------------------------------------------------
VERTICES: 03/03  [==========================>>] 100%  ELAPSED TIME: 2.23 s
----------------------------------------------------------------------------------------------
OK
2003    7.8319479664511205
2004    6.4475279976916555
2005    5.85069715149616
2006    4.588604183967953
2007    4.042975783210287
2008    3.7254490054008955
2009    0.45316615137982363
2010    2.9023312955584664
Time taken: 3.117 seconds, Fetched: 8 row(s)
Query ID = hadoop_20230305090732_581b8cf1-1230-4305-ad3f-0fc31b6ff763
Total jobs = 1
Launching Job 1 out of 1
Status: Running (Executing on YARN cluster with App id application_1678006675550_0001)

----------------------------------------------------------------------------------------------
        VERTICES      MODE        STATUS  TOTAL  COMPLETED  RUNNING  PENDING  FAILED  KILLED
----------------------------------------------------------------------------------------------
Map 1 .......... container     SUCCEEDED      1          1        0        0       0       0
Reducer 2 ...... container     SUCCEEDED      2          2        0        0       0       0
Reducer 3 ...... container     SUCCEEDED      1          1        0        0       0       0
----------------------------------------------------------------------------------------------
VERTICES: 03/03  [==========================>>] 100%  ELAPSED TIME: 1.24 s
----------------------------------------------------------------------------------------------
OK
2003    37.924225963706164
2004    31.662176952308105
2005    49.490838422749654
2006    46.838787224801735
2007    45.252432744291134
2008    37.22555555408794
2009    33.585314999939314
2010    41.331052610239794
Time taken: 2.142 seconds, Fetched: 8 row(s)
Query ID = hadoop_20230305090734_4e8d3109-03c4-4361-a4f0-5e8e38cbc551
Total jobs = 1
Launching Job 1 out of 1
Status: Running (Executing on YARN cluster with App id application_1678006675550_0001)

----------------------------------------------------------------------------------------------
        VERTICES      MODE        STATUS  TOTAL  COMPLETED  RUNNING  PENDING  FAILED  KILLED
----------------------------------------------------------------------------------------------
Map 1 .......... container     SUCCEEDED      1          1        0        0       0       0
Reducer 2 ...... container     SUCCEEDED      2          2        0        0       0       0
Reducer 3 ...... container     SUCCEEDED      1          1        0        0       0       0
----------------------------------------------------------------------------------------------
VERTICES: 03/03  [==========================>>] 100%  ELAPSED TIME: 1.53 s
----------------------------------------------------------------------------------------------
OK
2003    0.0
2004    0.0
2005    0.0
2006    0.0
2007    0.22865853658536586
2008    0.0
2009    0.0
2010    0.0
Time taken: 2.345 seconds, Fetched: 8 row(s)
OK
iteration 2
Time taken: 0.475 seconds, Fetched: 1 row(s)
Query ID = hadoop_20230305090737_981c4825-03e6-424c-9a3b-3bb550ff8fba
Total jobs = 1
Launching Job 1 out of 1
Status: Running (Executing on YARN cluster with App id application_1678006675550_0001)

----------------------------------------------------------------------------------------------
        VERTICES      MODE        STATUS  TOTAL  COMPLETED  RUNNING  PENDING  FAILED  KILLED
----------------------------------------------------------------------------------------------
Map 1 .......... container     SUCCEEDED      1          1        0        0       0       0
Reducer 2 ...... container     SUCCEEDED      2          2        0        0       0       0
Reducer 3 ...... container     SUCCEEDED      1          1        0        0       0       0
----------------------------------------------------------------------------------------------
VERTICES: 03/03  [==========================>>] 100%  ELAPSED TIME: 5.88 s
----------------------------------------------------------------------------------------------
OK
2003    24.557549755575373
2004    43.64459443230066
2005    28.01977637202288
2006    30.453296261292596
2007    19.850007017971283
2008    28.88346981456985
2009    28.33058554239575
2010    21.89310246015957
Time taken: 6.563 seconds, Fetched: 8 row(s)
Query ID = hadoop_20230305090743_be7ea092-ef11-4b51-a486-0865bc66e021
Total jobs = 1
Launching Job 1 out of 1
Status: Running (Executing on YARN cluster with App id application_1678006675550_0001)

----------------------------------------------------------------------------------------------
        VERTICES      MODE        STATUS  TOTAL  COMPLETED  RUNNING  PENDING  FAILED  KILLED
----------------------------------------------------------------------------------------------
Map 1 .......... container     SUCCEEDED      1          1        0        0       0       0
Reducer 2 ...... container     SUCCEEDED      2          2        0        0       0       0
Reducer 3 ...... container     SUCCEEDED      1          1        0        0       0       0
----------------------------------------------------------------------------------------------
VERTICES: 03/03  [==========================>>] 100%  ELAPSED TIME: 6.38 s
----------------------------------------------------------------------------------------------
OK
2003    29.686276314267346
2004    18.24570061769958
2005    16.63868805373129
2006    18.119312329937703
2007    30.625925917941924
2008    30.16552562594132
2009    37.63093330628511
2010    33.87351363404217
Time taken: 8.009 seconds, Fetched: 8 row(s)
Query ID = hadoop_20230305090751_f324d6d1-b982-4a82-ba25-1fe0e1f2a6cd
Total jobs = 1
Launching Job 1 out of 1
Status: Running (Executing on YARN cluster with App id application_1678006675550_0001)

----------------------------------------------------------------------------------------------
        VERTICES      MODE        STATUS  TOTAL  COMPLETED  RUNNING  PENDING  FAILED  KILLED
----------------------------------------------------------------------------------------------
Map 1 .......... container     SUCCEEDED      1          1        0        0       0       0
Reducer 2 ...... container     SUCCEEDED      2          2        0        0       0       0
Reducer 3 ...... container     SUCCEEDED      1          1        0        0       0       0
----------------------------------------------------------------------------------------------
VERTICES: 03/03  [==========================>>] 100%  ELAPSED TIME: 1.60 s
----------------------------------------------------------------------------------------------
OK
2003    7.8319479664511205
2004    6.4475279976916555
2005    5.85069715149616
2006    4.588604183967953
2007    4.042975783210287
2008    3.7254490054008955
2009    0.45316615137982363
2010    2.9023312955584664
Time taken: 2.687 seconds, Fetched: 8 row(s)
Query ID = hadoop_20230305090754_6dc142ad-0d30-40d1-ad64-f889da334de5
Total jobs = 1
Launching Job 1 out of 1
Status: Running (Executing on YARN cluster with App id application_1678006675550_0001)

----------------------------------------------------------------------------------------------
        VERTICES      MODE        STATUS  TOTAL  COMPLETED  RUNNING  PENDING  FAILED  KILLED
----------------------------------------------------------------------------------------------
Map 1 .......... container     SUCCEEDED      1          1        0        0       0       0
Reducer 2 ...... container     SUCCEEDED      2          2        0        0       0       0
Reducer 3 ...... container     SUCCEEDED      1          1        0        0       0       0
----------------------------------------------------------------------------------------------
VERTICES: 03/03  [==========================>>] 100%  ELAPSED TIME: 1.14 s
----------------------------------------------------------------------------------------------
OK
2003    37.924225963706164
2004    31.662176952308105
2005    49.490838422749654
2006    46.838787224801735
2007    45.252432744291134
2008    37.22555555408794
2009    33.585314999939314
2010    41.331052610239794
Time taken: 2.144 seconds, Fetched: 8 row(s)
Query ID = hadoop_20230305090756_eb18549e-a3eb-46f5-b351-fb8cf09d6a01
Total jobs = 1
Launching Job 1 out of 1
Status: Running (Executing on YARN cluster with App id application_1678006675550_0001)

----------------------------------------------------------------------------------------------
        VERTICES      MODE        STATUS  TOTAL  COMPLETED  RUNNING  PENDING  FAILED  KILLED
----------------------------------------------------------------------------------------------
Map 1 .......... container     SUCCEEDED      1          1        0        0       0       0
Reducer 2 ...... container     SUCCEEDED      2          2        0        0       0       0
Reducer 3 ...... container     SUCCEEDED      1          1        0        0       0       0
----------------------------------------------------------------------------------------------
VERTICES: 03/03  [==========================>>] 100%  ELAPSED TIME: 1.74 s
----------------------------------------------------------------------------------------------
OK
2003    0.0
2004    0.0
2005    0.0
2006    0.0
2007    0.22865853658536586
2008    0.0
2009    0.0
2010    0.0
Time taken: 3.188 seconds, Fetched: 8 row(s)
OK
iteration 3
Time taken: 0.168 seconds, Fetched: 1 row(s)
Query ID = hadoop_20230305090800_b2e20170-fd5e-4e9b-ba7b-4f30c50274a4
Total jobs = 1
Launching Job 1 out of 1
Status: Running (Executing on YARN cluster with App id application_1678006675550_0001)

----------------------------------------------------------------------------------------------
        VERTICES      MODE        STATUS  TOTAL  COMPLETED  RUNNING  PENDING  FAILED  KILLED
----------------------------------------------------------------------------------------------
Map 1 .......... container     SUCCEEDED      1          1        0        0       0       0
Reducer 2 ...... container     SUCCEEDED      2          2        0        0       0       0
Reducer 3 ...... container     SUCCEEDED      1          1        0        0       0       0
----------------------------------------------------------------------------------------------
VERTICES: 03/03  [==========================>>] 100%  ELAPSED TIME: 1.16 s
----------------------------------------------------------------------------------------------
OK
2003    24.557549755575373
2004    43.64459443230066
2005    28.01977637202288
2006    30.453296261292596
2007    19.850007017971283
2008    28.88346981456985
2009    28.33058554239575
2010    21.89310246015957
Time taken: 2.335 seconds, Fetched: 8 row(s)
Query ID = hadoop_20230305090802_1b4367a7-f6ad-4216-91e9-0f7b253a71b2
Total jobs = 1
Launching Job 1 out of 1
Status: Running (Executing on YARN cluster with App id application_1678006675550_0001)

----------------------------------------------------------------------------------------------
        VERTICES      MODE        STATUS  TOTAL  COMPLETED  RUNNING  PENDING  FAILED  KILLED
----------------------------------------------------------------------------------------------
Map 1 .......... container     SUCCEEDED      1          1        0        0       0       0
Reducer 2 ...... container     SUCCEEDED      2          2        0        0       0       0
Reducer 3 ...... container     SUCCEEDED      1          1        0        0       0       0
----------------------------------------------------------------------------------------------
VERTICES: 03/03  [==========================>>] 100%  ELAPSED TIME: 1.16 s
----------------------------------------------------------------------------------------------
OK
2003    29.686276314267346
2004    18.24570061769958
2005    16.63868805373129
2006    18.119312329937703
2007    30.625925917941924
2008    30.16552562594132
2009    37.63093330628511
2010    33.87351363404217
Time taken: 2.291 seconds, Fetched: 8 row(s)
Query ID = hadoop_20230305090804_13e465e7-adc2-41e4-b728-5e3b3cdcfddd
Total jobs = 1
Launching Job 1 out of 1
Status: Running (Executing on YARN cluster with App id application_1678006675550_0001)

----------------------------------------------------------------------------------------------
        VERTICES      MODE        STATUS  TOTAL  COMPLETED  RUNNING  PENDING  FAILED  KILLED
----------------------------------------------------------------------------------------------
Map 1 .......... container     SUCCEEDED      1          1        0        0       0       0
Reducer 2 ...... container     SUCCEEDED      2          2        0        0       0       0
Reducer 3 ...... container     SUCCEEDED      1          1        0        0       0       0
----------------------------------------------------------------------------------------------
VERTICES: 03/03  [==========================>>] 100%  ELAPSED TIME: 1.00 s
----------------------------------------------------------------------------------------------
OK
2003    7.8319479664511205
2004    6.4475279976916555
2005    5.85069715149616
2006    4.588604183967953
2007    4.042975783210287
2008    3.7254490054008955
2009    0.45316615137982363
2010    2.9023312955584664
Time taken: 2.113 seconds, Fetched: 8 row(s)
Query ID = hadoop_20230305090807_6a7fbde2-f13f-45f1-aac6-8064ceca3aac
Total jobs = 1
Launching Job 1 out of 1
Status: Running (Executing on YARN cluster with App id application_1678006675550_0001)

----------------------------------------------------------------------------------------------
        VERTICES      MODE        STATUS  TOTAL  COMPLETED  RUNNING  PENDING  FAILED  KILLED
----------------------------------------------------------------------------------------------
Map 1 .......... container     SUCCEEDED      1          1        0        0       0       0
Reducer 2 ...... container     SUCCEEDED      2          2        0        0       0       0
Reducer 3 ...... container     SUCCEEDED      1          1        0        0       0       0
----------------------------------------------------------------------------------------------
VERTICES: 03/03  [==========================>>] 100%  ELAPSED TIME: 1.35 s
----------------------------------------------------------------------------------------------
OK
2003    37.924225963706164
2004    31.662176952308105
2005    49.490838422749654
2006    46.838787224801735
2007    45.252432744291134
2008    37.22555555408794
2009    33.585314999939314
2010    41.331052610239794
Time taken: 2.613 seconds, Fetched: 8 row(s)
Query ID = hadoop_20230305090809_46cf54b0-f8f4-44c1-ae14-58feb0d196eb
Total jobs = 1
Launching Job 1 out of 1
Status: Running (Executing on YARN cluster with App id application_1678006675550_0001)

----------------------------------------------------------------------------------------------
        VERTICES      MODE        STATUS  TOTAL  COMPLETED  RUNNING  PENDING  FAILED  KILLED
----------------------------------------------------------------------------------------------
Map 1 .......... container     SUCCEEDED      1          1        0        0       0       0
Reducer 2 ...... container     SUCCEEDED      2          2        0        0       0       0
Reducer 3 ...... container     SUCCEEDED      1          1        0        0       0       0
----------------------------------------------------------------------------------------------
VERTICES: 03/03  [==========================>>] 100%  ELAPSED TIME: 1.33 s
----------------------------------------------------------------------------------------------
OK
2003    0.0
2004    0.0
2005    0.0
2006    0.0
2007    0.22865853658536586
2008    0.0
2009    0.0
2010    0.0
Time taken: 2.263 seconds, Fetched: 8 row(s)
OK
iteration 4
Time taken: 0.124 seconds, Fetched: 1 row(s)
Query ID = hadoop_20230305090812_267c759e-c264-43ae-9389-67be7f28346a
Total jobs = 1
Launching Job 1 out of 1
Status: Running (Executing on YARN cluster with App id application_1678006675550_0001)

----------------------------------------------------------------------------------------------
        VERTICES      MODE        STATUS  TOTAL  COMPLETED  RUNNING  PENDING  FAILED  KILLED
----------------------------------------------------------------------------------------------
Map 1 .......... container     SUCCEEDED      1          1        0        0       0       0
Reducer 2 ...... container     SUCCEEDED      2          2        0        0       0       0
Reducer 3 ...... container     SUCCEEDED      1          1        0        0       0       0
----------------------------------------------------------------------------------------------
VERTICES: 03/03  [==========================>>] 100%  ELAPSED TIME: 1.01 s
----------------------------------------------------------------------------------------------
OK
2003    24.557549755575373
2004    43.64459443230066
2005    28.01977637202288
2006    30.453296261292596
2007    19.850007017971283
2008    28.88346981456985
2009    28.33058554239575
2010    21.89310246015957
Time taken: 1.846 seconds, Fetched: 8 row(s)
Query ID = hadoop_20230305090813_8846669a-6360-4447-a0c8-5de14cd7cfe5
Total jobs = 1
Launching Job 1 out of 1
Status: Running (Executing on YARN cluster with App id application_1678006675550_0001)

----------------------------------------------------------------------------------------------
        VERTICES      MODE        STATUS  TOTAL  COMPLETED  RUNNING  PENDING  FAILED  KILLED
----------------------------------------------------------------------------------------------
Map 1 .......... container     SUCCEEDED      1          1        0        0       0       0
Reducer 2 ...... container     SUCCEEDED      2          2        0        0       0       0
Reducer 3 ...... container     SUCCEEDED      1          1        0        0       0       0
----------------------------------------------------------------------------------------------
VERTICES: 03/03  [==========================>>] 100%  ELAPSED TIME: 1.08 s
----------------------------------------------------------------------------------------------
OK
2003    29.686276314267346
2004    18.24570061769958
2005    16.63868805373129
2006    18.119312329937703
2007    30.625925917941924
2008    30.16552562594132
2009    37.63093330628511
2010    33.87351363404217
Time taken: 2.001 seconds, Fetched: 8 row(s)
Query ID = hadoop_20230305090815_37c23a8c-cf11-43cf-80db-bc0ddc7bc2ca
Total jobs = 1
Launching Job 1 out of 1
Status: Running (Executing on YARN cluster with App id application_1678006675550_0001)

----------------------------------------------------------------------------------------------
        VERTICES      MODE        STATUS  TOTAL  COMPLETED  RUNNING  PENDING  FAILED  KILLED
----------------------------------------------------------------------------------------------
Map 1 .......... container     SUCCEEDED      1          1        0        0       0       0
Reducer 2 ...... container     SUCCEEDED      2          2        0        0       0       0
Reducer 3 ...... container     SUCCEEDED      1          1        0        0       0       0
----------------------------------------------------------------------------------------------
VERTICES: 03/03  [==========================>>] 100%  ELAPSED TIME: 3.90 s
----------------------------------------------------------------------------------------------
OK
2003    7.8319479664511205
2004    6.4475279976916555
2005    5.85069715149616
2006    4.588604183967953
2007    4.042975783210287
2008    3.7254490054008955
2009    0.45316615137982363
2010    2.9023312955584664
Time taken: 4.641 seconds, Fetched: 8 row(s)
Query ID = hadoop_20230305090820_7a0a7177-1fb8-4f0d-a15d-25c1bda250e2
Total jobs = 1
Launching Job 1 out of 1
Status: Running (Executing on YARN cluster with App id application_1678006675550_0001)

----------------------------------------------------------------------------------------------
        VERTICES      MODE        STATUS  TOTAL  COMPLETED  RUNNING  PENDING  FAILED  KILLED
----------------------------------------------------------------------------------------------
Map 1 .......... container     SUCCEEDED      1          1        0        0       0       0
Reducer 2 ...... container     SUCCEEDED      2          2        0        0       0       0
Reducer 3 ...... container     SUCCEEDED      1          1        0        0       0       0
----------------------------------------------------------------------------------------------
VERTICES: 03/03  [==========================>>] 100%  ELAPSED TIME: 1.20 s
----------------------------------------------------------------------------------------------
OK
2003    37.924225963706164
2004    31.662176952308105
2005    49.490838422749654
2006    46.838787224801735
2007    45.252432744291134
2008    37.22555555408794
2009    33.585314999939314
2010    41.331052610239794
Time taken: 2.019 seconds, Fetched: 8 row(s)
Query ID = hadoop_20230305090822_6c1321d1-b1e9-4cf2-9424-febcdacb58be
Total jobs = 1
Launching Job 1 out of 1
Status: Running (Executing on YARN cluster with App id application_1678006675550_0001)

----------------------------------------------------------------------------------------------
        VERTICES      MODE        STATUS  TOTAL  COMPLETED  RUNNING  PENDING  FAILED  KILLED
----------------------------------------------------------------------------------------------
Map 1 .......... container     SUCCEEDED      1          1        0        0       0       0
Reducer 2 ...... container     SUCCEEDED      2          2        0        0       0       0
Reducer 3 ...... container     SUCCEEDED      1          1        0        0       0       0
----------------------------------------------------------------------------------------------
VERTICES: 03/03  [==========================>>] 100%  ELAPSED TIME: 1.51 s
----------------------------------------------------------------------------------------------
OK
2003    0.0
2004    0.0
2005    0.0
2006    0.0
2007    0.22865853658536586
2008    0.0
2009    0.0
2010    0.0
Time taken: 2.357 seconds, Fetched: 8 row(s)
OK
iteration 5
Time taken: 0.561 seconds, Fetched: 1 row(s)
Query ID = hadoop_20230305090825_2cb2cac6-532c-44c0-af68-ae744edb330b
Total jobs = 1
Launching Job 1 out of 1
Status: Running (Executing on YARN cluster with App id application_1678006675550_0001)

----------------------------------------------------------------------------------------------
        VERTICES      MODE        STATUS  TOTAL  COMPLETED  RUNNING  PENDING  FAILED  KILLED
----------------------------------------------------------------------------------------------
Map 1 .......... container     SUCCEEDED      1          1        0        0       0       0
Reducer 2 ...... container     SUCCEEDED      2          2        0        0       0       0
Reducer 3 ...... container     SUCCEEDED      1          1        0        0       0       0
----------------------------------------------------------------------------------------------
VERTICES: 03/03  [==========================>>] 100%  ELAPSED TIME: 0.89 s
----------------------------------------------------------------------------------------------
OK
2003    24.557549755575373
2004    43.64459443230066
2005    28.01977637202288
2006    30.453296261292596
2007    19.850007017971283
2008    28.88346981456985
2009    28.33058554239575
2010    21.89310246015957
Time taken: 1.886 seconds, Fetched: 8 row(s)
Query ID = hadoop_20230305090827_da6508c1-bb54-42a4-b28b-e306b80328a6
Total jobs = 1
Launching Job 1 out of 1
Status: Running (Executing on YARN cluster with App id application_1678006675550_0001)

----------------------------------------------------------------------------------------------
        VERTICES      MODE        STATUS  TOTAL  COMPLETED  RUNNING  PENDING  FAILED  KILLED
----------------------------------------------------------------------------------------------
Map 1 .......... container     SUCCEEDED      1          1        0        0       0       0
Reducer 2 ...... container     SUCCEEDED      2          2        0        0       0       0
Reducer 3 ...... container     SUCCEEDED      1          1        0        0       0       0
----------------------------------------------------------------------------------------------
VERTICES: 03/03  [==========================>>] 100%  ELAPSED TIME: 1.01 s
----------------------------------------------------------------------------------------------
OK
2003    29.686276314267346
2004    18.24570061769958
2005    16.63868805373129
2006    18.119312329937703
2007    30.625925917941924
2008    30.16552562594132
2009    37.63093330628511
2010    33.87351363404217
Time taken: 1.919 seconds, Fetched: 8 row(s)
Query ID = hadoop_20230305090829_d2be5c48-af12-4071-ad26-b8a526fea40f
Total jobs = 1
Launching Job 1 out of 1
Status: Running (Executing on YARN cluster with App id application_1678006675550_0001)

----------------------------------------------------------------------------------------------
        VERTICES      MODE        STATUS  TOTAL  COMPLETED  RUNNING  PENDING  FAILED  KILLED
----------------------------------------------------------------------------------------------
Map 1 .......... container     SUCCEEDED      1          1        0        0       0       0
Reducer 2 ...... container     SUCCEEDED      2          2        0        0       0       0
Reducer 3 ...... container     SUCCEEDED      1          1        0        0       0       0
----------------------------------------------------------------------------------------------
VERTICES: 03/03  [==========================>>] 100%  ELAPSED TIME: 1.13 s
----------------------------------------------------------------------------------------------
OK
2003    7.8319479664511205
2004    6.4475279976916555
2005    5.85069715149616
2006    4.588604183967953
2007    4.042975783210287
2008    3.7254490054008955
2009    0.45316615137982363
2010    2.9023312955584664
Time taken: 1.781 seconds, Fetched: 8 row(s)
Query ID = hadoop_20230305090831_4f276d50-f51b-4e0a-922a-7512d08e3408
Total jobs = 1
Launching Job 1 out of 1
Status: Running (Executing on YARN cluster with App id application_1678006675550_0001)

----------------------------------------------------------------------------------------------
        VERTICES      MODE        STATUS  TOTAL  COMPLETED  RUNNING  PENDING  FAILED  KILLED
----------------------------------------------------------------------------------------------
Map 1 .......... container     SUCCEEDED      1          1        0        0       0       0
Reducer 2 ...... container     SUCCEEDED      2          2        0        0       0       0
Reducer 3 ...... container     SUCCEEDED      1          1        0        0       0       0
----------------------------------------------------------------------------------------------
VERTICES: 03/03  [==========================>>] 100%  ELAPSED TIME: 1.03 s
----------------------------------------------------------------------------------------------
OK
2003    37.924225963706164
2004    31.662176952308105
2005    49.490838422749654
2006    46.838787224801735
2007    45.252432744291134
2008    37.22555555408794
2009    33.585314999939314
2010    41.331052610239794
Time taken: 1.743 seconds, Fetched: 8 row(s)
Query ID = hadoop_20230305090833_a6ae83de-9ac0-4570-aff7-38c9b84bc94b
Total jobs = 1
Launching Job 1 out of 1
Status: Running (Executing on YARN cluster with App id application_1678006675550_0001)

----------------------------------------------------------------------------------------------
        VERTICES      MODE        STATUS  TOTAL  COMPLETED  RUNNING  PENDING  FAILED  KILLED
----------------------------------------------------------------------------------------------
Map 1 .......... container     SUCCEEDED      1          1        0        0       0       0
Reducer 2 ...... container     SUCCEEDED      2          2        0        0       0       0
Reducer 3 ...... container     SUCCEEDED      1          1        0        0       0       0
----------------------------------------------------------------------------------------------
VERTICES: 03/03  [==========================>>] 100%  ELAPSED TIME: 1.04 s
----------------------------------------------------------------------------------------------
OK
2003    0.0
2004    0.0
2005    0.0
2006    0.0
2007    0.22865853658536586
2008    0.0
2009    0.0
2010    0.0
Time taken: 1.663 seconds, Fetched: 8 row(s)
